<?xml version="1.0" encoding="utf-8"?><testsuites name="pytest tests"><testsuite name="pytest" errors="0" failures="0" skipped="0" tests="33" time="24.492" timestamp="2026-08-29T04:35:13.246672+00:00" hostname="agent-env-f428279b-1b03-4ec4-ad5a-f34250cc72ca"><testcase classname="tests.backend_test" name="test_api_root" time="0.265" /><testcase classname="tests.backend_test" name="test_upload_image" time="3.815" /><testcase classname="tests.backend_test" name="test_files_404" time="0.436" /><testcase classname="tests.backend_test" name="test_create_issue_pothole_classification" time="0.358" /><testcase classname="tests.backend_test" name="test_create_issue_garbage_classification" time="0.057" /><testcase classname="tests.backend_test" name="test_create_issue_streetlight_classification" time="0.056" /><testcase classname="tests.backend_test" name="test_create_issue_uncategorized" time="0.058" /><testcase classname="tests.backend_test" name="test_list_issues_and_filters" time="0.283" /><testcase classname="tests.backend_test" name="test_get_issue_404" time="0.055" /><testcase classname="tests.backend_test" name="test_confirm_idempotent" time="0.281" /><testcase classname="tests.backend_test" name="test_confirm_404" time="0.061" /><testcase classname="tests.backend_test" name="test_add_comment" time="0.173" /><testcase classname="tests.backend_test" name="test_empty_comment_rejected" time="0.112" /><testcase classname="tests.backend_test" name="test_status_mapping" time="0.280" /><testcase classname="tests.backend_test" name="test_status_invalid" time="0.114" /><testcase classname="tests.backend_test" name="test_category_update" time="0.173" /><testcase classname="tests.backend_test" name="test_category_update_404" time="0.058" /><testcase classname="tests.backend_test" name="test_admin_metrics" time="0.058" /><testcase classname="tests.backend_test" name="test_geocode_reverse" time="0.194" /><testcase classname="tests.backend_test" name="test_auth_me_no_session" time="0.114" /><testcase classname="tests.backend_test" name="test_auth_me_with_bearer" time="0.150" /><testcase classname="tests.backend_test" name="test_auth_logout_clears_session" time="0.138" /><testcase classname="tests.backend_test" name="test_create_issue_with_auth_overrides_reporter" time="0.097" /><testcase classname="tests.backend_test" name="test_add_comment_with_auth_overrides_username" time="0.161" /><testcase classname="tests.backend_test" name="test_upload_verification_relevant_pothole" time="3.641" /><testcase classname="tests.backend_test" name="test_upload_verification_irrelevant_laptop" time="1.921" /><testcase classname="tests.backend_test" name="test_upload_reject_mountain_landscape" time="2.166" /><testcase classname="tests.backend_test" name="test_upload_reject_selfie" time="2.384" /><testcase classname="tests.backend_test" name="test_upload_reject_food" time="1.917" /><testcase classname="tests.backend_test" name="test_upload_reject_indoor_room" time="1.736" /><testcase classname="tests.backend_test" name="test_upload_accept_pothole_strict_contract" time="2.415" /><testcase classname="tests.backend_test" name="test_verify_photo_code_review_thresholds" time="0.000" /><testcase classname="tests.backend_test" name="test_flagged_filter" time="0.214" /></testsuite></testsuites>