<?xml version="1.0" encoding="utf-8"?><testsuites name="pytest tests"><testsuite name="pytest" errors="0" failures="0" skipped="0" tests="33" time="22.532" timestamp="2026-08-29T05:46:25.469514+00:00" hostname="agent-env-f428279b-1b03-4ec4-ad5a-f34250cc72ca"><testcase classname="tests.backend_test" name="test_api_root" time="0.275" /><testcase classname="tests.backend_test" name="test_geocode_reverse" time="0.488" /><testcase classname="tests.backend_test" name="test_phone_start_invalid_number" time="0.141" /><testcase classname="tests.backend_test" name="test_phone_start_demo_returns_code" time="0.095" /><testcase classname="tests.backend_test" name="test_phone_verify_wrong_code" time="0.230" /><testcase classname="tests.backend_test" name="test_phone_verify_first_time_is_new_and_cookie" time="0.603" /><testcase classname="tests.backend_test" name="test_auth_me_bearer" time="0.091" /><testcase classname="tests.backend_test" name="test_auth_me_no_session" time="0.110" /><testcase classname="tests.backend_test" name="test_otp_rate_limit" time="0.752" /><testcase classname="tests.backend_test" name="test_upload_requires_citizen" time="0.131" /><testcase classname="tests.backend_test" name="test_create_issue_requires_citizen" time="0.341" /><testcase classname="tests.backend_test" name="test_confirm_requires_citizen" time="0.266" /><testcase classname="tests.backend_test" name="test_comment_requires_citizen" time="0.305" /><testcase classname="tests.backend_test" name="test_list_and_get_issues_public" time="0.348" /><testcase classname="tests.backend_test" name="test_create_issue_uses_citizen_identity" time="0.165" /><testcase classname="tests.backend_test" name="test_confirm_and_comment_authed" time="0.439" /><testcase classname="tests.backend_test" name="test_super_admin_login_setup_flow" time="0.467" /><testcase classname="tests.backend_test" name="test_admin_me" time="0.104" /><testcase classname="tests.backend_test" name="test_admin_login_wrong_password" time="0.321" /><testcase classname="tests.backend_test" name="test_admin_2fa_wrong_code" time="0.419" /><testcase classname="tests.backend_test" name="test_admin_login_brute_force_lockout" time="0.634" /><testcase classname="tests.backend_test" name="test_admin_register_then_pending_blocks_login" time="0.651" /><testcase classname="tests.backend_test" name="test_super_admin_sees_pending_and_approves" time="0.982" /><testcase classname="tests.backend_test" name="test_citizen_token_rejected_on_admin_endpoints" time="0.371" /><testcase classname="tests.backend_test" name="test_no_token_rejected_on_admin_endpoints" time="0.292" /><testcase classname="tests.backend_test" name="test_citizen_cant_patch_admin_status" time="0.376" /><testcase classname="tests.backend_test" name="test_super_admin_sees_all_and_metrics" time="0.191" /><testcase classname="tests.backend_test" name="test_jurisdiction_filter_hides_other_state" time="1.218" /><testcase classname="tests.backend_test" name="test_admin_status_and_category_update" time="0.592" /><testcase classname="tests.backend_test" name="test_upload_accepts_real_civic_photo" time="6.348" /><testcase classname="tests.backend_test" name="test_upload_rejects_irrelevant_photo" time="3.876" /><testcase classname="tests.backend_test" name="test_verification_is_configured_via_fallback" time="0.001" /><testcase classname="tests.backend_test" name="test_logout_clears_cookie" time="0.314" /></testsuite></testsuites>